This is pdfTeX, Version 3.14159265-2.6-1.40.21 (TeX Live 2020/W32TeX) (preloaded format=pdflatex 2020.6.16)  30 JUL 2020 19:59
entering extended mode
 restricted \write18 enabled.
 %&-line parsing enabled.
**Rd2.tex
(./Rd2.tex
LaTeX2e <2020-02-02> patch level 5
L3 programming layer <2020-06-03>
(c:/Users/David.Hammond/AppData/Roaming/TinyTeX/texmf-dist/tex/latex/base/book.
cls
Document Class: book 2019/12/20 v1.4l Standard LaTeX document class

(c:/Users/David.Hammond/AppData/Roaming/TinyTeX/texmf-dist/tex/latex/base/bk10.
clo
File: bk10.clo 2019/12/20 v1.4l Standard LaTeX file (size option)
)
\c@part=\count167
\c@chapter=\count168
\c@section=\count169
\c@subsection=\count170
\c@subsubsection=\count171
\c@paragraph=\count172
\c@subparagraph=\count173
\c@figure=\count174
\c@table=\count175
\abovecaptionskip=\skip47
\belowcaptionskip=\skip48
\bibindent=\dimen134
) (c:/Program Files/R/R-4.0.2/share/texmf/tex/latex/Rd.sty
Package: Rd 

(c:/Users/David.Hammond/AppData/Roaming/TinyTeX/texmf-dist/tex/latex/base/ifthe
n.sty
Package: ifthen 2014/09/29 v1.1c Standard LaTeX ifthen package (DPC)
)
(c:/Users/David.Hammond/AppData/Roaming/TinyTeX/texmf-dist/tex/latex/tools/long
table.sty
Package: longtable 2020/01/07 v4.13 Multi-page Table package (DPC)
\LTleft=\skip49
\LTright=\skip50
\LTpre=\skip51
\LTpost=\skip52
\LTchunksize=\count176
\LTcapwidth=\dimen135
\LT@head=\box45
\LT@firsthead=\box46
\LT@foot=\box47
\LT@lastfoot=\box48
\LT@cols=\count177
\LT@rows=\count178
\c@LT@tables=\count179
\c@LT@chunks=\count180
\LT@p@ftn=\toks15
)
(c:/Users/David.Hammond/AppData/Roaming/TinyTeX/texmf-dist/tex/latex/tools/bm.s
ty
Package: bm 2019/07/24 v1.2d Bold Symbol Support (DPC/FMi)
\symboldoperators=\mathgroup4
\symboldletters=\mathgroup5
\symboldsymbols=\mathgroup6
LaTeX Font Info:    Redeclaring math alphabet \mathbf on input line 141.
LaTeX Info: Redefining \bm on input line 209.
)
(c:/Users/David.Hammond/AppData/Roaming/TinyTeX/texmf-dist/tex/latex/base/alltt
.sty
Package: alltt 1997/06/16 v2.0g defines alltt environment
)
(c:/Users/David.Hammond/AppData/Roaming/TinyTeX/texmf-dist/tex/latex/tools/verb
atim.sty
Package: verbatim 2019/11/10 v1.5r LaTeX2e package for verbatim enhancements
\every@verbatim=\toks16
\verbatim@line=\toks17
\verbatim@in@stream=\read2
)
(c:/Users/David.Hammond/AppData/Roaming/TinyTeX/texmf-dist/tex/latex/url/url.st
y
\Urlmuskip=\muskip16
Package: url 2013/09/16  ver 3.4  Verb mode for urls, etc.
)
(c:/Users/David.Hammond/AppData/Roaming/TinyTeX/texmf-dist/tex/latex/base/textc
omp.sty
Package: textcomp 2020/02/02 v2.0n Standard LaTeX package
)
\ldescriptionwidth=\skip53

(c:/Users/David.Hammond/AppData/Roaming/TinyTeX/texmf-dist/tex/latex/inconsolat
a/zi4.sty
Package: zi4 2019/05/17 v1.12

`inconsolata-zi4' v1.12, 2019/05/17 Text macros for Inconsolata (msharpe)
(c:/Users/David.Hammond/AppData/Roaming/TinyTeX/texmf-dist/tex/latex/xkeyval/xk
eyval.sty
Package: xkeyval 2014/12/03 v2.7a package option processing (HA)

(c:/Users/David.Hammond/AppData/Roaming/TinyTeX/texmf-dist/tex/generic/xkeyval/
xkeyval.tex
(c:/Users/David.Hammond/AppData/Roaming/TinyTeX/texmf-dist/tex/generic/xkeyval/
xkvutils.tex
\XKV@toks=\toks18
\XKV@tempa@toks=\toks19

(c:/Users/David.Hammond/AppData/Roaming/TinyTeX/texmf-dist/tex/generic/xkeyval/
keyval.tex))
\XKV@depth=\count181
File: xkeyval.tex 2014/12/03 v2.7a key=value parser (HA)
))
\zifour@ocount=\count182
)
(c:/Users/David.Hammond/AppData/Roaming/TinyTeX/texmf-dist/tex/latex/graphics/c
olor.sty
Package: color 2019/11/23 v1.2a Standard LaTeX Color (DPC)

(c:/Users/David.Hammond/AppData/Roaming/TinyTeX/texmf-dist/tex/latex/graphics-c
fg/color.cfg
File: color.cfg 2016/01/02 v1.6 sample color configuration
)
Package color Info: Driver file: pdftex.def on input line 147.

(c:/Users/David.Hammond/AppData/Roaming/TinyTeX/texmf-dist/tex/latex/graphics-d
ef/pdftex.def
! Interruption.
l.2 
    %%                                    Hans Hagen, Heiko Oberdiek and
? 
! Emergency stop.
l.2 
    %%                                    Hans Hagen, Heiko Oberdiek and
End of file on the terminal!

 
Here is how much of TeX's memory you used:
 1104 strings out of 482426
 15370 string characters out of 5945887
 246893 words of memory out of 5000000
 16914 multiletter control sequences out of 15000+600000
 532338 words of font info for 24 fonts, out of 8000000 for 9000
 14 hyphenation exceptions out of 8191
 37i,0n,40p,180b,36s stack positions out of 5000i,500n,10000p,200000b,80000s
!  ==> Fatal error occurred, no output PDF file produced!
